  main.cpp
C:\prog2 lab 3\prog2 lab 3\ABQ.h(114,25): warning C4244: '=': conversion from 'float' to 'int', possible loss of data
C:\prog2 lab 3\prog2 lab 3\ABQ.h(85,1): message : while compiling class template member function 'T ABQ<T>::dequeue(void)'
          with
          [
              T=float
          ]
C:\prog2 lab 3\prog2 lab 3\main.cpp(45,47): message : see reference to function template instantiation 'T ABQ<T>::dequeue(void)' being compiled
          with
          [
              T=float
          ]
C:\prog2 lab 3\prog2 lab 3\main.cpp(30,22): message : see reference to class template instantiation 'ABQ<float>' being compiled
C:\prog2 lab 3\prog2 lab 3\ABQ.h(67,26): warning C4244: '*=': conversion from 'float' to 'int', possible loss of data
C:\prog2 lab 3\prog2 lab 3\ABQ.h(63,1): message : while compiling class template member function 'void ABQ<float>::enqueue(T)'
          with
          [
              T=float
          ]
C:\prog2 lab 3\prog2 lab 3\main.cpp(36,19): message : see reference to function template instantiation 'void ABQ<float>::enqueue(T)' being compiled
          with
          [
              T=float
          ]
  prog2 lab 3.vcxproj -> C:\prog2 lab 3\x64\Debug\prog2 lab 3.exe
